#
# There is insufficient memory for the Java Runtime Environment to continue.
# Native memory allocation (mmap) failed to map 65011712 bytes for G1 virtual space
# Possible reasons:
#   The system is out of physical RAM or swap space
#   The process is running with CompressedOops enabled, and the Java Heap may be blocking the growth of the native heap
# Possible solutions:
#   Reduce memory load on the system
#   Increase physical memory or swap space
#   Check if swap backing store is full
#   Decrease Java heap size (-Xmx/-Xms)
#   Decrease number of Java threads
#   Decrease Java thread stack sizes (-Xss)
#   Set larger code cache with -XX:ReservedCodeCacheSize=
#   JVM is running with Unscaled Compressed Oops mode in which the Java heap is
#     placed in the first 4GB address space. The Java Heap base address is the
#     maximum limit for the native heap growth. Please use -XX:HeapBaseMinAddress
#     to set the Java Heap base and to place the Java Heap above 4GB virtual address.
# This output file may be truncated or incomplete.
#
#  Out of Memory Error (./open/src/hotspot/os/windows/os_windows.cpp:3321), pid=20216, tid=7592
#
# JRE version:  (15.0.2+7) (build )
# Java VM: Java HotSpot(TM) 64-Bit Server VM (15.0.2+7-27, mixed mode, sharing, tiered, compressed oops, g1 gc, windows-amd64)
# No core dump will be written. Minidumps are not enabled by default on client versions of Windows
#

---------------  S U M M A R Y ------------

Command Line: -Dfile.encoding=UTF-8 --module-path=C:\Users\caspian\Documents\term 3 tafe stuff\USBJavaProjects\QuestionTwoBalancedBinaryTree\build\classes questiontwobalancedbinarytree.QuestionTwoBalancedBinaryTree

Host: Intel(R) Pentium(R) Silver N5000 CPU @ 1.10GHz, 4 cores, 3G,  Windows 10 , 64 bit Build 19041 (10.0.19041.1023)
Time: Tue Aug 10 22:07:06 2021 W. Australia Standard Time elapsed time: 0.056654 seconds (0d 0h 0m 0s)

---------------  T H R E A D  ---------------

Current thread (0x0000021b9fb70d20):  JavaThread "Unknown thread" [_thread_in_vm, id=7592, stack(0x000000c3d5f00000,0x000000c3d6000000)]

Stack: [0x000000c3d5f00000,0x000000c3d6000000]
Native frames: (J=compiled Java code, j=interpreted, Vv=VM code, C=native code)
V  [jvm.dll+0x62ae9a]
V  [jvm.dll+0x7817a9]
V  [jvm.dll+0x782f03]
V  [jvm.dll+0x783563]
V  [jvm.dll+0x216325]
V  [jvm.dll+0x6281d9]
V  [jvm.dll+0x61cf55]
V  [jvm.dll+0x2cffdd]
V  [jvm.dll+0x2cfe42]
V  [jvm.dll+0x2d5e1c]
V  [jvm.dll+0x32590a]
V  [jvm.dll+0x324fd4]
V  [jvm.dll+0x2a6f5a]
V  [jvm.dll+0x2a80f8]
V  [jvm.dll+0x75e241]
V  [jvm.dll+0x3341c4]
V  [jvm.dll+0x73e926]
V  [jvm.dll+0x3b7557]
V  [jvm.dll+0x3b8fe1]
C  [jli.dll+0x52fb]
C  [ucrtbase.dll+0x21bb2]
C  [KERNEL32.DLL+0x17034]
C  [ntdll.dll+0x52651]


---------------  P R O C E S S  ---------------

Threads class SMR info:
_java_thread_list=0x00007ffb44814ff0, length=0, elements={
}

Java Threads: ( => current thread )

Other Threads:
  0x0000021b9fb9f3a0 GCTaskThread "GC Thread#0" [stack: 0x000000c3d6000000,0x000000c3d6100000] [id=16804]
  0x0000021b9fba8e10 ConcurrentGCThread "G1 Main Marker" [stack: 0x000000c3d6100000,0x000000c3d6200000] [id=7128]
  0x0000021b9fbaa0b0 ConcurrentGCThread "G1 Conc#0" [stack: 0x000000c3d6200000,0x000000c3d6300000] [id=24164]

[error occurred during error reporting (printing all threads), id 0xc0000005, EXCEPTION_ACCESS_VIOLATION (0xc0000005) at pc=0x00007ffb44007e27]

VM state: not at safepoint (not fully initialized)

VM Mutex/Monitor currently owned by a thread:  ([mutex/lock_event])
[0x0000021b9fb6d430] Heap_lock - owner thread: 0x0000021b9fb70d20

Heap address: 0x00000000c3000000, size: 976 MB, Compressed Oops mode: 32-bit
CDS archive(s) mapped at: [0x0000000000000000-0x0000000000000000-0x0000000000000000), size 0, SharedBaseAddress: 0x0000000800000000, ArchiveRelocationMode: 0.
Narrow klass base: 0x0000000000000000, Narrow klass shift: 0, Narrow klass range: 0x0

Heap:
 garbage-first heap   total 63488K, used 0K [0x00000000c3000000, 0x0000000100000000)
  region size 1024K, 0 young (0K), 0 survivors (0K)
 Metaspace       used 0K, capacity 0K, committed 0K, reserved 0K
  class space    used 0K, capacity 0K, committed 0K, reserved 0K

Heap Regions: E=young(eden), S=young(survivor), O=old, HS=humongous(starts), HC=humongous(continues), CS=collection set, F=free, OA=open archive, CA=closed archive, TAMS=top-at-mark-start (previous, next)

Card table byte_map: [0x0000021bb8db0000,0x0000021bb8fa0000] _byte_map_base: 0x0000021bb8798000

Marking Bits (Prev, Next): (CMBitMap*) 0x0000021b9fba0ab0, (CMBitMap*) 0x0000021b9fba0af0
 Prev Bits: [0x0000021bb9190000, 0x0000021bba0d0000)
 Next Bits: [0x0000021bba0d0000, 0x0000021bbb010000)

GC Heap History (0 events):
No events

Deoptimization events (0 events):
No events

Classes unloaded (0 events):
No events

Classes redefined (0 events):
No events

Internal exceptions (0 events):
No events

Events (1 events):
Event: 0.015 Loaded shared library C:\Program Files\Java\jdk-15.0.2\bin\java.dll


Dynamic libraries:
0x00007ff7fb710000 - 0x00007ff7fb71f000 	C:\Program Files\Java\jdk-15.0.2\bin\java.exe
0x00007ffb8e070000 - 0x00007ffb8e265000 	C:\WINDOWS\SYSTEM32\ntdll.dll
0x00007ffb8c6e0000 - 0x00007ffb8c79d000 	C:\WINDOWS\System32\KERNEL32.DLL
0x00007ffb8bad0000 - 0x00007ffb8bd98000 	C:\WINDOWS\System32\KERNELBASE.dll
0x00007ffb8bda0000 - 0x00007ffb8bea0000 	C:\WINDOWS\System32\ucrtbase.dll
0x00007ffb84990000 - 0x00007ffb849a9000 	C:\Program Files\Java\jdk-15.0.2\bin\VCRUNTIME140.dll
0x00007ffb77190000 - 0x00007ffb771a8000 	C:\Program Files\Java\jdk-15.0.2\bin\jli.dll
0x00007ffb8df80000 - 0x00007ffb8e02c000 	C:\WINDOWS\System32\ADVAPI32.dll
0x00007ffb8dee0000 - 0x00007ffb8df7e000 	C:\WINDOWS\System32\msvcrt.dll
0x00007ffb8cfd0000 - 0x00007ffb8d06b000 	C:\WINDOWS\System32\sechost.dll
0x00007ffb8ddb0000 - 0x00007ffb8dedb000 	C:\WINDOWS\System32\RPCRT4.dll
0x00007ffb8c9c0000 - 0x00007ffb8cb60000 	C:\WINDOWS\System32\USER32.dll
0x00007ffb8b7b0000 - 0x00007ffb8b7d2000 	C:\WINDOWS\System32\win32u.dll
0x00007ffb8c160000 - 0x00007ffb8c18a000 	C:\WINDOWS\System32\GDI32.dll
0x00007ffb8bf70000 - 0x00007ffb8c07b000 	C:\WINDOWS\System32\gdi32full.dll
0x00007ffb8bed0000 - 0x00007ffb8bf6d000 	C:\WINDOWS\System32\msvcp_win.dll
0x00007ffb6dd30000 - 0x00007ffb6dfca000 	C:\WINDOWS\WinSxS\amd64_microsoft.windows.common-controls_6595b64144ccf1df_6.0.19041.1052_none_60b8f8fd71f5e8cb\COMCTL32.dll
0x00007ffb7a5a0000 - 0x00007ffb7a5aa000 	C:\WINDOWS\SYSTEM32\VERSION.dll
0x00007ffb8c6b0000 - 0x00007ffb8c6e0000 	C:\WINDOWS\System32\IMM32.DLL
0x00007ffb861a0000 - 0x00007ffb861ac000 	C:\Program Files\Java\jdk-15.0.2\bin\vcruntime140_1.dll
0x00007ffb647f0000 - 0x00007ffb64881000 	C:\Program Files\Java\jdk-15.0.2\bin\msvcp140.dll
0x00007ffb43d50000 - 0x00007ffb448ae000 	C:\Program Files\Java\jdk-15.0.2\bin\server\jvm.dll
0x00007ffb8c640000 - 0x00007ffb8c648000 	C:\WINDOWS\System32\PSAPI.DLL
0x00007ffb65750000 - 0x00007ffb65777000 	C:\WINDOWS\SYSTEM32\WINMM.dll
0x00007ffb89270000 - 0x00007ffb89279000 	C:\WINDOWS\SYSTEM32\WSOCK32.dll
0x00007ffb8dd40000 - 0x00007ffb8ddab000 	C:\WINDOWS\System32\ws2_32.DLL
0x00007ffb89700000 - 0x00007ffb89712000 	C:\WINDOWS\SYSTEM32\kernel.appcore.dll
0x00007ffb85b20000 - 0x00007ffb85b2a000 	C:\Program Files\Java\jdk-15.0.2\bin\jimage.dll
0x00007ffb88bd0000 - 0x00007ffb88db4000 	C:\WINDOWS\SYSTEM32\DBGHELP.DLL
0x00007ffb83db0000 - 0x00007ffb83ddc000 	C:\WINDOWS\SYSTEM32\dbgcore.DLL
0x00007ffb8ba40000 - 0x00007ffb8bac3000 	C:\WINDOWS\System32\bcryptPrimitives.dll
0x00007ffb80890000 - 0x00007ffb808b5000 	C:\Program Files\Java\jdk-15.0.2\bin\java.dll

dbghelp: loaded successfully - version: 4.0.5 - missing functions: none
symbol engine: initialized successfully - sym options: 0x614 - pdb path: .;C:\Program Files\Java\jdk-15.0.2\bin;C:\WINDOWS\SYSTEM32;C:\WINDOWS\WinSxS\amd64_microsoft.windows.common-controls_6595b64144ccf1df_6.0.19041.1052_none_60b8f8fd71f5e8cb;C:\Program Files\Java\jdk-15.0.2\bin\server

VM Arguments:
jvm_args: -Dfile.encoding=UTF-8 --module-path=C:\Users\caspian\Documents\term 3 tafe stuff\USBJavaProjects\QuestionTwoBalancedBinaryTree\build\classes 
java_command: questiontwobalancedbinarytree.QuestionTwoBalancedBinaryTree
java_class_path (initial): C:\Users\caspian\Documents\term 3 tafe stuff\USBJavaProjects\QuestionTwoBalancedBinaryTree\build\classes
Launcher Type: SUN_STANDARD

[Global flags]
     intx CICompilerCount                          = 3                                         {product} {ergonomic}
     uint ConcGCThreads                            = 1                                         {product} {ergonomic}
     uint G1ConcRefinementThreads                  = 4                                         {product} {ergonomic}
   size_t G1HeapRegionSize                         = 1048576                                   {product} {ergonomic}
    uintx GCDrainStackTargetSize                   = 64                                        {product} {ergonomic}
   size_t InitialHeapSize                          = 65011712                                  {product} {ergonomic}
   size_t MarkStackSize                            = 4194304                                   {product} {ergonomic}
   size_t MaxHeapSize                              = 1023410176                                {product} {ergonomic}
   size_t MinHeapDeltaBytes                        = 1048576                                   {product} {ergonomic}
   size_t MinHeapSize                              = 8388608                                   {product} {ergonomic}
    uintx NonNMethodCodeHeapSize                   = 5832780                                {pd product} {ergonomic}
    uintx NonProfiledCodeHeapSize                  = 122912730                              {pd product} {ergonomic}
    uintx ProfiledCodeHeapSize                     = 122912730                              {pd product} {ergonomic}
    uintx ReservedCodeCacheSize                    = 251658240                              {pd product} {ergonomic}
     bool SegmentedCodeCache                       = true                                      {product} {ergonomic}
   size_t SoftMaxHeapSize                          = 1023410176                             {manageable} {ergonomic}
     bool UseCompressedClassPointers               = true                                 {lp64_product} {ergonomic}
     bool UseCompressedOops                        = true                                 {lp64_product} {ergonomic}
     bool UseG1GC                                  = true                                      {product} {ergonomic}
     bool UseLargePagesIndividualAllocation        = false                                  {pd product} {ergonomic}

Logging:
Log output configuration:
 #0: stdout all=warning uptime,level,tags
 #1: stderr all=off uptime,level,tags

Environment Variables:
PATH=C:\Program Files\Common Files\Oracle\Java\javapath;C:\WINDOWS\system32;C:\WINDOWS;C:\WINDOWS\System32\Wbem;C:\WINDOWS\System32\WindowsPowerShell\v1.0\;C:\WINDOWS\System32\OpenSSH\;C:\Program Files\PuTTY\;C:\Program Files\Microsoft VS Code\bin;C:\Program Files\dotnet\;C:\Users\caspian\AppData\Local\Programs\Python\Python37-32\Scripts\;C:\Users\caspian\AppData\Local\Programs\Python\Python37-32\;C:\Users\caspian\AppData\Local\Microsoft\WindowsApps;C:\Users\caspian\.dotnet\tools
USERNAME=caspian
OS=Windows_NT
PROCESSOR_IDENTIFIER=Intel64 Family 6 Model 122 Stepping 1, GenuineIntel



---------------  S Y S T E M  ---------------

OS:
 Windows 10 , 64 bit Build 19041 (10.0.19041.1023)
OS uptime: 43 days 21:34 hours

CPU: total 4 (initial active 4) (4 cores per cpu, 1 threads per core) family 6 model 122 stepping 1 microcode 0x2e, cmov, cx8, fxsr, mmx, sse, sse2, sse3, ssse3, sse4.1, sse4.2, popcnt, aes, clmul, erms, 3dnowpref, tsc, tscinvbit, sha, clflush, clflushopt

Memory: 4k page, system-wide physical 3902M (342M free)
TotalPageFile size 15678M (AvailPageFile size 23M)
current process WorkingSet (physical memory assigned to process): 9M, peak: 9M
current process commit charge ("private bytes"): 51M, peak: 113M

vm_info: Java HotSpot(TM) 64-Bit Server VM (15.0.2+7-27) for windows-amd64 JRE (15.0.2+7-27), built on Dec  7 2020 20:07:01 by "mach5one" with unknown MS VC++:1925

END.
